(6566, 300)
Smallest class size: 3265
Shape after tsne: (6530, 3)
(6530, 3, 1)
(6530,)
Test size: (653, 3)
---------------------------------- Fold 1 ----------------------------------
Train size:  (3918, 3)
Validation size: (1959, 3)
Test Accuracy: 0.5344563552833078
Validation Accuracy: 0.5344563552833078
Train Accuracy: 0.7363450740173558
Confusion Matrix:
 [[208 109]
 [195 141]]
Classification Report:
               precision    recall  f1-score   support

           0       0.52      0.66      0.58       317
           1       0.56      0.42      0.48       336

    accuracy                           0.53       653
   macro avg       0.54      0.54      0.53       653
weighted avg       0.54      0.53      0.53       653

---------------------------------- Fold 2 ----------------------------------
Train size:  (3918, 3)
Validation size: (1959, 3)
Test Accuracy: 0.5513016845329249
Validation Accuracy: 0.5467075038284839
Train Accuracy: 0.7480857580398163
Confusion Matrix:
 [[212 105]
 [188 148]]
Classification Report:
               precision    recall  f1-score   support

           0       0.53      0.67      0.59       317
           1       0.58      0.44      0.50       336

    accuracy                           0.55       653
   macro avg       0.56      0.55      0.55       653
weighted avg       0.56      0.55      0.55       653

---------------------------------- Fold 3 ----------------------------------
Train size:  (3918, 3)
Validation size: (1959, 3)
Test Accuracy: 0.5375191424196019
Validation Accuracy: 0.5477284328739153
Train Accuracy: 0.7447677386421644
Confusion Matrix:
 [[203 114]
 [188 148]]
Classification Report:
               precision    recall  f1-score   support

           0       0.52      0.64      0.57       317
           1       0.56      0.44      0.49       336

    accuracy                           0.54       653
   macro avg       0.54      0.54      0.53       653
weighted avg       0.54      0.54      0.53       653

---------------------------------- 5-Fold Cross Validation Complete ----------------------------------
Train Accuracies:
[0.7363450740173558, 0.7480857580398163, 0.7447677386421644]
Validation Accuracies:
[0.5344563552833078, 0.5467075038284839, 0.5477284328739153]
Test Accuracies:
[0.5344563552833078, 0.5513016845329249, 0.5375191424196019]
Average test accuracy: 0.5410923940786115
Average validation accuracy: 0.5429640973285689
5 Fold Cross Validation takes 708.30 seconds to complete
